<?xml version="1.0" encoding="UTF-8"?>
<!-- Generated by org.testng.reporters.JUnitXMLReporter -->
<testsuite ignored="0" hostname="QT-INBG-LT1152" failures="0" tests="9" name="Default test" time="13.245" errors="0" timestamp="2022-09-16T15:57:09 IST">
  <testcase classname="AllMobiles" name="launchBrowser" time="3.012"/>
  <testcase classname="AllMobiles" name="allMobiles" time="0.414"/>
  <testcase classname="AllMobiles" name="searchLenovo" time="1.166"/>
  <testcase classname="AllMobiles" name="searchSamsung" time="1.12"/>
  <testcase classname="AllMobiles" name="wrongApple" time="1.094"/>
  <testcase classname="AllMobiles" name="wrongSamsung" time="1.093"/>
  <testcase classname="AllMobiles" name="twoCharacter" time="1.107"/>
  <testcase classname="AllMobiles" name="InvalidMob" time="1.074"/>
  <testcase classname="AllMobiles" name="order" time="3.05"/>
</testsuite> <!-- Default test -->
