<?xml version="1.0" encoding="UTF-8"?>
<testng-results ignored="0" total="9" passed="9" failed="0" skipped="0">
  <reporter-output>
  </reporter-output>
  <suite started-at="2022-09-16T15:56:56 IST" name="Default suite" finished-at="2022-09-16T15:57:09 IST" duration-ms="13245">
    <groups>
    </groups>
    <test started-at="2022-09-16T15:56:56 IST" name="Default test" finished-at="2022-09-16T15:57:09 IST" duration-ms="13245">
      <class name="AllMobiles">
        <test-method signature="launchBrowser()[pri:1, instance:AllMobiles@629f066f]" started-at="2022-09-16T15:56:56 IST" name="launchBrowser" finished-at="2022-09-16T15:56:59 IST" duration-ms="3012" status="PASS">
          <reporter-output>
          </reporter-output>
        </test-method> <!-- launchBrowser -->
        <test-method signature="allMobiles()[pri:2, instance:AllMobiles@629f066f]" started-at="2022-09-16T15:56:59 IST" name="allMobiles" finished-at="2022-09-16T15:56:59 IST" duration-ms="414" status="PASS">
          <reporter-output>
          </reporter-output>
        </test-method> <!-- allMobiles -->
        <test-method signature="searchLenovo()[pri:3, instance:AllMobiles@629f066f]" started-at="2022-09-16T15:56:59 IST" name="searchLenovo" finished-at="2022-09-16T15:57:01 IST" duration-ms="1166" status="PASS">
          <reporter-output>
          </reporter-output>
        </test-method> <!-- searchLenovo -->
        <test-method signature="searchSamsung()[pri:4, instance:AllMobiles@629f066f]" started-at="2022-09-16T15:57:01 IST" name="searchSamsung" finished-at="2022-09-16T15:57:02 IST" duration-ms="1120" status="PASS">
          <reporter-output>
          </reporter-output>
        </test-method> <!-- searchSamsung -->
        <test-method signature="wrongApple()[pri:5, instance:AllMobiles@629f066f]" started-at="2022-09-16T15:57:02 IST" name="wrongApple" finished-at="2022-09-16T15:57:03 IST" duration-ms="1094" status="PASS">
          <reporter-output>
          </reporter-output>
        </test-method> <!-- wrongApple -->
        <test-method signature="wrongSamsung()[pri:6, instance:AllMobiles@629f066f]" started-at="2022-09-16T15:57:03 IST" name="wrongSamsung" finished-at="2022-09-16T15:57:04 IST" duration-ms="1093" status="PASS">
          <reporter-output>
          </reporter-output>
        </test-method> <!-- wrongSamsung -->
        <test-method signature="twoCharacter()[pri:7, instance:AllMobiles@629f066f]" started-at="2022-09-16T15:57:04 IST" name="twoCharacter" finished-at="2022-09-16T15:57:05 IST" duration-ms="1107" status="PASS">
          <reporter-output>
          </reporter-output>
        </test-method> <!-- twoCharacter -->
        <test-method signature="InvalidMob()[pri:8, instance:AllMobiles@629f066f]" started-at="2022-09-16T15:57:05 IST" name="InvalidMob" finished-at="2022-09-16T15:57:06 IST" duration-ms="1074" status="PASS">
          <reporter-output>
          </reporter-output>
        </test-method> <!-- InvalidMob -->
        <test-method signature="order()[pri:9, instance:AllMobiles@629f066f]" started-at="2022-09-16T15:57:06 IST" name="order" finished-at="2022-09-16T15:57:09 IST" duration-ms="3050" status="PASS">
          <reporter-output>
          </reporter-output>
        </test-method> <!-- order -->
      </class> <!-- AllMobiles -->
    </test> <!-- Default test -->
  </suite> <!-- Default suite -->
</testng-results>
