<?xml version="1.0" encoding="UTF-8"?>
<!-- Generated by org.testng.reporters.JUnitXMLReporter -->
<testsuite ignored="0" hostname="QT-INBG-LT1152" failures="0" tests="25" name="Test" time="38.345" errors="0" timestamp="2022-09-16T15:56:09 IST">
  <testcase classname="SignInn" name="launchBrowser" time="3.046"/>
  <testcase classname="SignInn" name="signIn" time="1.249"/>
  <testcase classname="SignInn" name="userName" time="1.073"/>
  <testcase classname="SignInn" name="enterPassword" time="1.123"/>
  <testcase classname="SignInn" name="login" time="1.174"/>
  <testcase classname="SignUp" name="launchBrowser" time="2.971"/>
  <testcase classname="SignUp" name="clickOnSignUp" time="2.816"/>
  <testcase classname="SignUp" name="enterFirstName" time="1.094"/>
  <testcase classname="SignUp" name="enterLastName" time="1.103"/>
  <testcase classname="SignUp" name="enterMail" time="1.11"/>
  <testcase classname="SignUp" name="enterPassword" time="1.093"/>
  <testcase classname="SignUp" name="enterDOB" time="1.077"/>
  <testcase classname="SignUp" name="selectGender" time="1.062"/>
  <testcase classname="SignUp" name="enterPhoneNumber" time="1.082"/>
  <testcase classname="SignUp" name="clickOnRegister" time="1.221"/>
  <testcase classname="SignUp" name="clickOnSignIn" time="2.837"/>
  <testcase classname="AllMobiles" name="launchBrowser" time="2.917"/>
  <testcase classname="AllMobiles" name="allMobiles" time="0.442"/>
  <testcase classname="AllMobiles" name="searchLenovo" time="1.176"/>
  <testcase classname="AllMobiles" name="searchSamsung" time="1.178"/>
  <testcase classname="AllMobiles" name="wrongApple" time="1.162"/>
  <testcase classname="AllMobiles" name="wrongSamsung" time="1.083"/>
  <testcase classname="AllMobiles" name="twoCharacter" time="1.093"/>
  <testcase classname="AllMobiles" name="InvalidMob" time="1.089"/>
  <testcase classname="AllMobiles" name="order" time="2.96"/>
</testsuite> <!-- Test -->
